<?xml version="1.0" encoding="UTF-8"?>
<testng-results skipped="0" failed="0" ignored="0" total="1" passed="1">
  <reporter-output>
  </reporter-output>
  <suite name="Default suite" duration-ms="16295" started-at="2017-11-28T16:39:55Z" finished-at="2017-11-28T16:40:11Z">
    <groups>
    </groups>
    <test name="Default test" duration-ms="16295" started-at="2017-11-28T16:39:55Z" finished-at="2017-11-28T16:40:11Z">
      <class name="SignInTest">
        <test-method status="PASS" signature="shouldThrowAnErrorIfSignInDetailsAreMissing()[pri:0, instance:SignInTest@2a5ca609]" name="shouldThrowAnErrorIfSignInDetailsAreMissing" duration-ms="16258" started-at="2017-11-28T22:09:55Z" finished-at="2017-11-28T22:10:11Z">
          <reporter-output>
          </reporter-output>
        </test-method> <!-- shouldThrowAnErrorIfSignInDetailsAreMissing -->
      </class> <!-- SignInTest -->
    </test> <!-- Default test -->
  </suite> <!-- Default suite -->
</testng-results>
